{"uuid":"bb5897f7-bda9-44f6-9000-d8c063915ea6","historyId":"407f75ee4d7eb20f612b838f00aa451c","fullName":"com.briskpe.tests.DashBoardTest.verifyUserCanNavigateToSideMenuItems","labels":[{"name":"package","value":"com.briskpe.tests.DashBoardTest"},{"name":"testClass","value":"com.briskpe.tests.DashBoardTest"},{"name":"testMethod","value":"verifyUserCanNavigateToSideMenuItems"},{"name":"parentSuite","value":"Briskpe‑Cross‑Platform-Suite"},{"name":"suite","value":"Web"},{"name":"subSuite","value":"com.briskpe.tests.DashBoardTest"},{"name":"host","value":"vishalshukla"},{"name":"thread","value":"32448@vishalshukla.TestNG-tests-1(30)"},{"name":"framework","value":"testng"},{"name":"language","value":"java"}],"links":[],"name":"verifyUserCanNavigateToSideMenuItems","status":"broken","statusDetails":{"known":false,"muted":false,"flaky":false,"message":"❌ Click failed for element: Pending Actions → ❌ Flutter JS execution failed","trace":"java.lang.RuntimeException: ❌ Click failed for element: Pending Actions → ❌ Flutter JS execution failed\r\n\tat com.briskpe.framework.utils.JavaScriptUtils.jsClick(JavaScriptUtils.java:115)\r\n\tat com.briskpe.framework.pages.DashBoard.clickPendingAction(DashBoard.java:170)\r\n\tat com.briskpe.tests.DashBoardTest.verifyUserCanNavigateToSideMenuItems(DashBoardTest.java:44)\r\n\tat java.base/jdk.internal.reflect.NativeMethodAccessorImpl.invoke0(Native Method)\r\n\tat java.base/jdk.internal.reflect.NativeMethodAccessorImpl.invoke(NativeMethodAccessorImpl.java:77)\r\n\tat java.base/jdk.internal.reflect.DelegatingMethodAccessorImpl.invoke(DelegatingMethodAccessorImpl.java:43)\r\n\tat java.base/java.lang.reflect.Method.invoke(Method.java:568)\r\n\tat org.testng.internal.invokers.MethodInvocationHelper.invokeMethod(MethodInvocationHelper.java:141)\r\n\tat org.testng.internal.invokers.TestInvoker.invokeMethod(TestInvoker.java:687)\r\n\tat org.testng.internal.invokers.TestInvoker.invokeTestMethod(TestInvoker.java:230)\r\n\tat org.testng.internal.invokers.MethodRunner.runInSequence(MethodRunner.java:63)\r\n\tat org.testng.internal.invokers.TestInvoker$MethodInvocationAgent.invoke(TestInvoker.java:995)\r\n\tat org.testng.internal.invokers.TestInvoker.invokeTestMethods(TestInvoker.java:203)\r\n\tat org.testng.internal.invokers.TestMethodWorker.invokeTestMethods(TestMethodWorker.java:154)\r\n\tat org.testng.internal.invokers.TestMethodWorker.run(TestMethodWorker.java:134)\r\n\tat java.base/java.util.ArrayList.forEach(ArrayList.java:1511)\r\n\tat org.testng.TestRunner.privateRun(TestRunner.java:741)\r\n\tat org.testng.TestRunner.run(TestRunner.java:616)\r\n\tat org.testng.SuiteRunner.runTest(SuiteRunner.java:421)\r\n\tat org.testng.SuiteRunner$SuiteWorker.run(SuiteRunner.java:463)\r\n\tat org.testng.internal.thread.ThreadUtil.lambda$execute$0(ThreadUtil.java:64)\r\n\tat java.base/java.util.concurrent.FutureTask.run(FutureTask.java:264)\r\n\tat java.base/java.util.concurrent.ThreadPoolExecutor.runWorker(ThreadPoolExecutor.java:1136)\r\n\tat java.base/java.util.concurrent.ThreadPoolExecutor$Worker.run(ThreadPoolExecutor.java:635)\r\n\tat java.base/java.lang.Thread.run(Thread.java:842)\r\nCaused by: java.lang.RuntimeException: ❌ Flutter JS execution failed\r\n\tat com.briskpe.framework.utils.JavaScriptUtils.executeFlutterPlaceholderJs(JavaScriptUtils.java:35)\r\n\tat com.briskpe.framework.utils.JavaScriptUtils.jsClick(JavaScriptUtils.java:104)\r\n\t... 24 more\r\nCaused by: org.openqa.selenium.JavascriptException: javascript error: Cannot read properties of null (reading 'click')\n  (Session info: chrome=138.0.7204.158)\nBuild info: version: '4.34.0', revision: '707dcb4246*'\nSystem info: os.name: 'Windows 11', os.arch: 'amd64', os.version: '10.0', java.version: '17.0.12'\nDriver info: org.openqa.selenium.chrome.ChromeDriver\nCommand: [6e774b84deaf6f317d55cdbe993bea0e, executeScript {args=[], script=document.querySelector('#body > flt-semantics-placeholder').click();}]\nCapabilities {acceptInsecureCerts: false, browserName: chrome, browserVersion: 138.0.7204.158, chrome: {chromedriverVersion: 138.0.7204.157 (e533e98b126..., userDataDir: C:\\Users\\VISHAL~1\\AppData\\L...}, fedcm:accounts: true, goog:chromeOptions: {debuggerAddress: localhost:65250}, networkConnectionEnabled: false, pageLoadStrategy: normal, platformName: windows, proxy: Proxy(), se:cdp: ws://localhost:65250/devtoo..., se:cdpVersion: 138.0.7204.158, setWindowRect: true, strictFileInteractability: false, timeouts: {implicit: 0, pageLoad: 300000, script: 30000}, unhandledPromptBehavior: dismiss and notify, webauthn:extension:credBlob: true, webauthn:extension:largeBlob: true, webauthn:extension:minPinLength: true, webauthn:extension:prf: true, webauthn:virtualAuthenticators: true}\nSession ID: 6e774b84deaf6f317d55cdbe993bea0e\r\n\tat java.base/jdk.internal.reflect.NativeConstructorAccessorImpl.newInstance0(Native Method)\r\n\tat java.base/jdk.internal.reflect.NativeConstructorAccessorImpl.newInstance(NativeConstructorAccessorImpl.java:77)\r\n\tat java.base/jdk.internal.reflect.DelegatingConstructorAccessorImpl.newInstance(DelegatingConstructorAccessorImpl.java:45)\r\n\tat java.base/java.lang.reflect.Constructor.newInstanceWithCaller(Constructor.java:499)\r\n\tat java.base/java.lang.reflect.Constructor.newInstance(Constructor.java:480)\r\n\tat org.openqa.selenium.remote.ErrorCodec.decode(ErrorCodec.java:167)\r\n\tat org.openqa.selenium.remote.codec.w3c.W3CHttpResponseCodec.decode(W3CHttpResponseCodec.java:138)\r\n\tat org.openqa.selenium.remote.codec.w3c.W3CHttpResponseCodec.decode(W3CHttpResponseCodec.java:50)\r\n\tat org.openqa.selenium.remote.HttpCommandExecutor.execute(HttpCommandExecutor.java:215)\r\n\tat org.openqa.selenium.remote.service.DriverCommandExecutor.invokeExecute(DriverCommandExecutor.java:216)\r\n\tat org.openqa.selenium.remote.service.DriverCommandExecutor.execute(DriverCommandExecutor.java:174)\r\n\tat org.openqa.selenium.remote.RemoteWebDriver.execute(RemoteWebDriver.java:544)\r\n\tat org.openqa.selenium.remote.RemoteWebDriver.executeScript(RemoteWebDriver.java:475)\r\n\tat com.briskpe.framework.utils.JavaScriptUtils.executeFlutterPlaceholderJs(JavaScriptUtils.java:29)\r\n\t... 25 more\r\n"},"stage":"finished","steps":[],"attachments":[{"name":"Failure Screenshot","source":"20b5a4b7-5cd5-48d4-9bb3-0490e032a252-attachment"}],"parameters":[{"name":"platform","value":"WEB"}],"start":1753096478990,"stop":1753096494171}