<!DOCTYPE html>

<html>
  <head>
  <meta charset='utf-8'>
  <title>TestNG reports</title>

    <link type="text/css" href="testng-reports1.css" rel="stylesheet" id="ultra" />
    <link type="text/css" href="testng-reports.css" rel="stylesheet" id="retro" disabled="false"/>
    <script type="text/javascript" src="jquery-3.6.0.min.js"></script>
    <script type="text/javascript" src="testng-reports.js"></script>
    <script type="text/javascript" src="https://www.google.com/jsapi"></script>
    <script type='text/javascript'>
      google.load('visualization', '1', {packages:['table']});
      google.setOnLoadCallback(drawTable);
      var suiteTableInitFunctions = new Array();
      var suiteTableData = new Array();
    </script>
    <!--
      <script type="text/javascript" src="jquery-ui/js/jquery-ui-1.8.16.custom.min.js"></script>
     -->
  </head>

  <body>    <div class="top-banner-root">
      <span class="top-banner-title-font">Test results</span>
      <button id="button" class="button">Switch Retro Theme</button> <!-- button -->
      <br/>
      <span class="top-banner-font-1">1 suite</span>
    </div> <!-- top-banner-root -->
    <div class="navigator-root">
      <div class="navigator-suite-header">
        <span>All suites</span>
        <a href="#" title="Collapse/expand all the suites" class="collapse-all-link">
          <img src="collapseall.gif" class="collapse-all-icon">
          </img> <!-- collapse-all-icon -->
        </a> <!-- collapse-all-link -->
      </div> <!-- navigator-suite-header -->
      <div class="suite">
        <div class="rounded-window">
          <div class="suite-header light-rounded-window-top">
            <a href="#" panel-name="suite-Briskpe_Cross_Platform_Suite" class="navigator-link">
              <span class="suite-name border-skipped">Briskpe-Cross-Platform-Suite</span>
            </a> <!-- navigator-link -->
          </div> <!-- suite-header light-rounded-window-top -->
          <div class="navigator-suite-content">
            <div class="suite-section-title">
              <span>Info</span>
            </div> <!-- suite-section-title -->
            <div class="suite-section-content">
              <ul>
                <li>
                  <a href="#" panel-name="test-xml-Briskpe_Cross_Platform_Suite" class="navigator-link ">
                    <span>C:\Briskpe\Briskpe_cross-platform-framework\testng.xml</span>
                  </a> <!-- navigator-link  -->
                </li>
                <li>
                  <a href="#" panel-name="testlist-Briskpe_Cross_Platform_Suite" class="navigator-link ">
                    <span class="test-stats">3 tests</span>
                  </a> <!-- navigator-link  -->
                </li>
                <li>
                  <a href="#" panel-name="group-Briskpe_Cross_Platform_Suite" class="navigator-link ">
                    <span>0 groups</span>
                  </a> <!-- navigator-link  -->
                </li>
                <li>
                  <a href="#" panel-name="times-Briskpe_Cross_Platform_Suite" class="navigator-link ">
                    <span>Times</span>
                  </a> <!-- navigator-link  -->
                </li>
                <li>
                  <a href="#" panel-name="reporter-Briskpe_Cross_Platform_Suite" class="navigator-link ">
                    <span>Reporter output</span>
                  </a> <!-- navigator-link  -->
                </li>
                <li>
                  <a href="#" panel-name="ignored-methods-Briskpe_Cross_Platform_Suite" class="navigator-link ">
                    <span>Ignored methods</span>
                  </a> <!-- navigator-link  -->
                </li>
                <li>
                  <a href="#" panel-name="chronological-Briskpe_Cross_Platform_Suite" class="navigator-link ">
                    <span>Chronological view</span>
                  </a> <!-- navigator-link  -->
                </li>
              </ul>
            </div> <!-- suite-section-content -->
            <div class="result-section">
              <div class="suite-section-title">
                <span>Results</span>
              </div> <!-- suite-section-title -->
              <div class="suite-section-content">
                <ul>
                  <li>
                    <span class="method-stats">12 methods,  12 skipped,  </span>
                  </li>
                  <li>
                    <span class="method-list-title skipped">Skipped methods</span>
                    <span class="show-or-hide-methods skipped">
                      <a href="#" panel-name="suite-Briskpe_Cross_Platform_Suite" class="hide-methods skipped suite-Briskpe_Cross_Platform_Suite"> (hide)</a> <!-- hide-methods skipped suite-Briskpe_Cross_Platform_Suite -->
                      <a href="#" panel-name="suite-Briskpe_Cross_Platform_Suite" class="show-methods skipped suite-Briskpe_Cross_Platform_Suite"> (show)</a> <!-- show-methods skipped suite-Briskpe_Cross_Platform_Suite -->
                    </span>
                    <div class="method-list-content skipped suite-Briskpe_Cross_Platform_Suite">
                      <span>
                        <img src="skipped.png" width="3%"/>
                        <a href="#" panel-name="suite-Briskpe_Cross_Platform_Suite" title="com.briskpe.tests.DashBoardTest" class="method navigator-link" hash-for-method="clickSkipButtonTest">clickSkipButtonTest</a> <!-- method navigator-link -->
                      </span>
                      <br/>
                      <span>
                        <img src="skipped.png" width="3%"/>
                        <a href="#" panel-name="suite-Briskpe_Cross_Platform_Suite" title="com.briskpe.tests.DashBoardTest" class="method navigator-link" hash-for-method="clickSkipButtonTest">clickSkipButtonTest</a> <!-- method navigator-link -->
                      </span>
                      <br/>
                      <span>
                        <img src="skipped.png" width="3%"/>
                        <a href="#" panel-name="suite-Briskpe_Cross_Platform_Suite" title="com.briskpe.tests.DashBoardTest" class="method navigator-link" hash-for-method="clickSkipButtonTest">clickSkipButtonTest</a> <!-- method navigator-link -->
                      </span>
                      <br/>
                      <span>
                        <img src="skipped.png" width="3%"/>
                        <a href="#" panel-name="suite-Briskpe_Cross_Platform_Suite" title="com.briskpe.tests.LoginTest" class="method navigator-link" hash-for-method="shouldLoginWithValidMobile">shouldLoginWithValidMobile</a> <!-- method navigator-link -->
                      </span>
                      <br/>
                      <span>
                        <img src="skipped.png" width="3%"/>
                        <a href="#" panel-name="suite-Briskpe_Cross_Platform_Suite" title="com.briskpe.tests.LoginTest" class="method navigator-link" hash-for-method="shouldLoginWithValidMobile">shouldLoginWithValidMobile</a> <!-- method navigator-link -->
                      </span>
                      <br/>
                      <span>
                        <img src="skipped.png" width="3%"/>
                        <a href="#" panel-name="suite-Briskpe_Cross_Platform_Suite" title="com.briskpe.tests.LoginTest" class="method navigator-link" hash-for-method="shouldLoginWithValidMobile">shouldLoginWithValidMobile</a> <!-- method navigator-link -->
                      </span>
                      <br/>
                      <span>
                        <img src="skipped.png" width="3%"/>
                        <a href="#" panel-name="suite-Briskpe_Cross_Platform_Suite" title="com.briskpe.tests.LoginTest" class="method navigator-link" hash-for-method="shouldNotLoginWithInvalidMobileNumber">shouldNotLoginWithInvalidMobileNumber</a> <!-- method navigator-link -->
                      </span>
                      <br/>
                      <span>
                        <img src="skipped.png" width="3%"/>
                        <a href="#" panel-name="suite-Briskpe_Cross_Platform_Suite" title="com.briskpe.tests.LoginTest" class="method navigator-link" hash-for-method="shouldNotLoginWithInvalidMobileNumber">shouldNotLoginWithInvalidMobileNumber</a> <!-- method navigator-link -->
                      </span>
                      <br/>
                      <span>
                        <img src="skipped.png" width="3%"/>
                        <a href="#" panel-name="suite-Briskpe_Cross_Platform_Suite" title="com.briskpe.tests.LoginTest" class="method navigator-link" hash-for-method="shouldNotLoginWithInvalidMobileNumber">shouldNotLoginWithInvalidMobileNumber</a> <!-- method navigator-link -->
                      </span>
                      <br/>
                      <span>
                        <img src="skipped.png" width="3%"/>
                        <a href="#" panel-name="suite-Briskpe_Cross_Platform_Suite" title="com.briskpe.tests.DashBoardTest" class="method navigator-link" hash-for-method="verifyUserCanNavigateToSideMenuItems">verifyUserCanNavigateToSideMenuItems</a> <!-- method navigator-link -->
                      </span>
                      <br/>
                      <span>
                        <img src="skipped.png" width="3%"/>
                        <a href="#" panel-name="suite-Briskpe_Cross_Platform_Suite" title="com.briskpe.tests.DashBoardTest" class="method navigator-link" hash-for-method="verifyUserCanNavigateToSideMenuItems">verifyUserCanNavigateToSideMenuItems</a> <!-- method navigator-link -->
                      </span>
                      <br/>
                      <span>
                        <img src="skipped.png" width="3%"/>
                        <a href="#" panel-name="suite-Briskpe_Cross_Platform_Suite" title="com.briskpe.tests.DashBoardTest" class="method navigator-link" hash-for-method="verifyUserCanNavigateToSideMenuItems">verifyUserCanNavigateToSideMenuItems</a> <!-- method navigator-link -->
                      </span>
                      <br/>
                    </div> <!-- method-list-content skipped suite-Briskpe_Cross_Platform_Suite -->
                  </li>
                </ul>
              </div> <!-- suite-section-content -->
            </div> <!-- result-section -->
          </div> <!-- navigator-suite-content -->
        </div> <!-- rounded-window -->
      </div> <!-- suite -->
    </div> <!-- navigator-root -->
    <div class="wrapper">
      <div class="main-panel-root">
        <div panel-name="suite-Briskpe_Cross_Platform_Suite" class="panel Briskpe_Cross_Platform_Suite">
          <div class="suite-Briskpe_Cross_Platform_Suite-class-skipped">
            <div class="main-panel-header rounded-window-top">
              <img src="skipped.png"/>
              <span class="class-name">com.briskpe.tests.LoginTest</span>
            </div> <!-- main-panel-header rounded-window-top -->
            <div class="main-panel-content rounded-window-bottom">
              <div class="method">
                <div class="method-content">
                  <a name="shouldLoginWithValidMobile">
                  </a> <!-- shouldLoginWithValidMobile -->
                  <span class="method-name">shouldLoginWithValidMobile</span>
                  <div class="stack-trace">org.openqa.selenium.SessionNotCreatedException: Could not start a new session. Possible causes are invalid address of the remote server or browser start-up failure. 
Host info: host: &apos;VISHALSHUKLA&apos;, ip: &apos;10.188.60.117&apos;
Build info: version: &apos;4.34.0&apos;, revision: &apos;707dcb4246*&apos;
System info: os.name: &apos;Windows 11&apos;, os.arch: &apos;amd64&apos;, os.version: &apos;10.0&apos;, java.version: &apos;17.0.12&apos;
Driver info: io.appium.java_client.ios.IOSDriver
Command: [null, newSession {capabilities=[Capabilities {appium:automationName: Flutter, appium:bundleId: com.briskpe.app, platformName: IOS}]}]
Capabilities {appium:automationName: Flutter, appium:bundleId: com.briskpe.app, platformName: IOS}
	at org.openqa.selenium.remote.RemoteWebDriver.execute(RemoteWebDriver.java:562)
	at io.appium.java_client.AppiumDriver.startSession(AppiumDriver.java:313)
	at org.openqa.selenium.remote.RemoteWebDriver.&lt;init&gt;(RemoteWebDriver.java:173)
	at io.appium.java_client.AppiumDriver.&lt;init&gt;(AppiumDriver.java:101)
	at io.appium.java_client.AppiumDriver.&lt;init&gt;(AppiumDriver.java:113)
	at io.appium.java_client.ios.IOSDriver.&lt;init&gt;(IOSDriver.java:101)
	at com.briskpe.framework.core.DriverFactory.createIOSDriver(DriverFactory.java:120)
	at com.briskpe.framework.core.DriverFactory.createDriver(DriverFactory.java:52)
	at com.briskpe.framework.core.DriverFactory.createDriver(DriverFactory.java:40)
	at com.briskpe.tests.BaseTest.setUp(BaseTest.java:39)
	at java.base/java.util.ArrayList.forEach(ArrayList.java:1511)
	at java.base/java.util.concurrent.FutureTask.run(FutureTask.java:264)
	at java.base/java.util.concurrent.ThreadPoolExecutor.runWorker(ThreadPoolExecutor.java:1136)
	at java.base/java.util.concurrent.ThreadPoolExecutor$Worker.run(ThreadPoolExecutor.java:635)
	at java.base/java.lang.Thread.run(Thread.java:842)
Caused by: java.io.UncheckedIOException: java.net.ConnectException
	at org.openqa.selenium.remote.http.jdk.JdkHttpClient.execute0(JdkHttpClient.java:500)
	at io.appium.java_client.internal.filters.AppiumIdempotencyFilter.lambda$apply$0(AppiumIdempotencyFilter.java:35)
	at io.appium.java_client.internal.filters.AppiumUserAgentFilter.lambda$apply$0(AppiumUserAgentFilter.java:86)
	at org.openqa.selenium.remote.http.Filter.lambda$andFinally$1(Filter.java:55)
	at org.openqa.selenium.remote.http.jdk.JdkHttpClient.lambda$executeAsync$2(JdkHttpClient.java:387)
	at java.base/java.util.concurrent.Executors$RunnableAdapter.call(Executors.java:539)
	... 4 more
Caused by: java.net.ConnectException
	at java.net.http/jdk.internal.net.http.HttpClientImpl.send(HttpClientImpl.java:574)
	at java.net.http/jdk.internal.net.http.HttpClientFacade.send(HttpClientFacade.java:123)
	at org.openqa.selenium.remote.http.jdk.JdkHttpClient.execute0(JdkHttpClient.java:459)
	... 9 more
Caused by: java.net.ConnectException
	at java.net.http/jdk.internal.net.http.common.Utils.toConnectException(Utils.java:1055)
	at java.net.http/jdk.internal.net.http.PlainHttpConnection.connectAsync(PlainHttpConnection.java:198)
	at java.net.http/jdk.internal.net.http.PlainHttpConnection.checkRetryConnect(PlainHttpConnection.java:230)
	at java.net.http/jdk.internal.net.http.PlainHttpConnection.lambda$connectAsync$1(PlainHttpConnection.java:206)
	at java.base/java.util.concurrent.CompletableFuture.uniHandle(CompletableFuture.java:934)
	at java.base/java.util.concurrent.CompletableFuture$UniHandle.tryFire(CompletableFuture.java:911)
	at java.base/java.util.concurrent.CompletableFuture.postComplete(CompletableFuture.java:510)
	at java.base/java.util.concurrent.CompletableFuture$AsyncSupply.run(CompletableFuture.java:1773)
	... 3 more
Caused by: java.nio.channels.ClosedChannelException
	at java.base/sun.nio.ch.SocketChannelImpl.ensureOpen(SocketChannelImpl.java:195)
	at java.base/sun.nio.ch.SocketChannelImpl.beginConnect(SocketChannelImpl.java:760)
	at java.base/sun.nio.ch.SocketChannelImpl.connect(SocketChannelImpl.java:848)
	at java.net.http/jdk.internal.net.http.PlainHttpConnection.lambda$connectAsync$0(PlainHttpConnection.java:183)
	at java.base/java.security.AccessController.doPrivileged(AccessController.java:569)
	at java.net.http/jdk.internal.net.http.PlainHttpConnection.connectAsync(PlainHttpConnection.java:185)
	... 9 more
... Removed 21 stack frames
</div> <!-- stack-trace -->
                </div> <!-- method-content -->
              </div> <!-- method -->
              <div class="method">
                <div class="method-content">
                  <a name="shouldLoginWithValidMobile">
                  </a> <!-- shouldLoginWithValidMobile -->
                  <span class="method-name">shouldLoginWithValidMobile</span>
                  <div class="stack-trace">org.openqa.selenium.SessionNotCreatedException: Could not start a new session. Possible causes are invalid address of the remote server or browser start-up failure. 
Host info: host: &apos;VISHALSHUKLA&apos;, ip: &apos;10.188.60.117&apos;
Build info: version: &apos;4.34.0&apos;, revision: &apos;707dcb4246*&apos;
System info: os.name: &apos;Windows 11&apos;, os.arch: &apos;amd64&apos;, os.version: &apos;10.0&apos;, java.version: &apos;17.0.12&apos;
Driver info: io.appium.java_client.ios.IOSDriver
Command: [null, newSession {capabilities=[Capabilities {appium:automationName: Flutter, appium:bundleId: com.briskpe.app, platformName: IOS}]}]
Capabilities {appium:automationName: Flutter, appium:bundleId: com.briskpe.app, platformName: IOS}
	at org.openqa.selenium.remote.RemoteWebDriver.execute(RemoteWebDriver.java:562)
	at io.appium.java_client.AppiumDriver.startSession(AppiumDriver.java:313)
	at org.openqa.selenium.remote.RemoteWebDriver.&lt;init&gt;(RemoteWebDriver.java:173)
	at io.appium.java_client.AppiumDriver.&lt;init&gt;(AppiumDriver.java:101)
	at io.appium.java_client.AppiumDriver.&lt;init&gt;(AppiumDriver.java:113)
	at io.appium.java_client.ios.IOSDriver.&lt;init&gt;(IOSDriver.java:101)
	at com.briskpe.framework.core.DriverFactory.createIOSDriver(DriverFactory.java:120)
	at com.briskpe.framework.core.DriverFactory.createDriver(DriverFactory.java:52)
	at com.briskpe.framework.core.DriverFactory.createDriver(DriverFactory.java:40)
	at com.briskpe.tests.BaseTest.setUp(BaseTest.java:39)
	at java.base/java.util.ArrayList.forEach(ArrayList.java:1511)
	at java.base/java.util.concurrent.FutureTask.run(FutureTask.java:264)
	at java.base/java.util.concurrent.ThreadPoolExecutor.runWorker(ThreadPoolExecutor.java:1136)
	at java.base/java.util.concurrent.ThreadPoolExecutor$Worker.run(ThreadPoolExecutor.java:635)
	at java.base/java.lang.Thread.run(Thread.java:842)
Caused by: java.io.UncheckedIOException: java.net.ConnectException
	at org.openqa.selenium.remote.http.jdk.JdkHttpClient.execute0(JdkHttpClient.java:500)
	at io.appium.java_client.internal.filters.AppiumIdempotencyFilter.lambda$apply$0(AppiumIdempotencyFilter.java:35)
	at io.appium.java_client.internal.filters.AppiumUserAgentFilter.lambda$apply$0(AppiumUserAgentFilter.java:86)
	at org.openqa.selenium.remote.http.Filter.lambda$andFinally$1(Filter.java:55)
	at org.openqa.selenium.remote.http.jdk.JdkHttpClient.lambda$executeAsync$2(JdkHttpClient.java:387)
	at java.base/java.util.concurrent.Executors$RunnableAdapter.call(Executors.java:539)
	... 4 more
Caused by: java.net.ConnectException
	at java.net.http/jdk.internal.net.http.HttpClientImpl.send(HttpClientImpl.java:574)
	at java.net.http/jdk.internal.net.http.HttpClientFacade.send(HttpClientFacade.java:123)
	at org.openqa.selenium.remote.http.jdk.JdkHttpClient.execute0(JdkHttpClient.java:459)
	... 9 more
Caused by: java.net.ConnectException
	at java.net.http/jdk.internal.net.http.common.Utils.toConnectException(Utils.java:1055)
	at java.net.http/jdk.internal.net.http.PlainHttpConnection.connectAsync(PlainHttpConnection.java:198)
	at java.net.http/jdk.internal.net.http.PlainHttpConnection.checkRetryConnect(PlainHttpConnection.java:230)
	at java.net.http/jdk.internal.net.http.PlainHttpConnection.lambda$connectAsync$1(PlainHttpConnection.java:206)
	at java.base/java.util.concurrent.CompletableFuture.uniHandle(CompletableFuture.java:934)
	at java.base/java.util.concurrent.CompletableFuture$UniHandle.tryFire(CompletableFuture.java:911)
	at java.base/java.util.concurrent.CompletableFuture.postComplete(CompletableFuture.java:510)
	at java.base/java.util.concurrent.CompletableFuture$AsyncSupply.run(CompletableFuture.java:1773)
	... 3 more
Caused by: java.nio.channels.ClosedChannelException
	at java.base/sun.nio.ch.SocketChannelImpl.ensureOpen(SocketChannelImpl.java:195)
	at java.base/sun.nio.ch.SocketChannelImpl.beginConnect(SocketChannelImpl.java:760)
	at java.base/sun.nio.ch.SocketChannelImpl.connect(SocketChannelImpl.java:848)
	at java.net.http/jdk.internal.net.http.PlainHttpConnection.lambda$connectAsync$0(PlainHttpConnection.java:183)
	at java.base/java.security.AccessController.doPrivileged(AccessController.java:569)
	at java.net.http/jdk.internal.net.http.PlainHttpConnection.connectAsync(PlainHttpConnection.java:185)
	... 9 more
... Removed 21 stack frames
</div> <!-- stack-trace -->
                </div> <!-- method-content -->
              </div> <!-- method -->
              <div class="method">
                <div class="method-content">
                  <a name="shouldLoginWithValidMobile">
                  </a> <!-- shouldLoginWithValidMobile -->
                  <span class="method-name">shouldLoginWithValidMobile</span>
                  <div class="stack-trace">org.openqa.selenium.SessionNotCreatedException: Could not start a new session. Possible causes are invalid address of the remote server or browser start-up failure. 
Host info: host: &apos;VISHALSHUKLA&apos;, ip: &apos;10.188.60.117&apos;
Build info: version: &apos;4.34.0&apos;, revision: &apos;707dcb4246*&apos;
System info: os.name: &apos;Windows 11&apos;, os.arch: &apos;amd64&apos;, os.version: &apos;10.0&apos;, java.version: &apos;17.0.12&apos;
Driver info: io.appium.java_client.ios.IOSDriver
Command: [null, newSession {capabilities=[Capabilities {appium:automationName: Flutter, appium:bundleId: com.briskpe.app, platformName: IOS}]}]
Capabilities {appium:automationName: Flutter, appium:bundleId: com.briskpe.app, platformName: IOS}
	at org.openqa.selenium.remote.RemoteWebDriver.execute(RemoteWebDriver.java:562)
	at io.appium.java_client.AppiumDriver.startSession(AppiumDriver.java:313)
	at org.openqa.selenium.remote.RemoteWebDriver.&lt;init&gt;(RemoteWebDriver.java:173)
	at io.appium.java_client.AppiumDriver.&lt;init&gt;(AppiumDriver.java:101)
	at io.appium.java_client.AppiumDriver.&lt;init&gt;(AppiumDriver.java:113)
	at io.appium.java_client.ios.IOSDriver.&lt;init&gt;(IOSDriver.java:101)
	at com.briskpe.framework.core.DriverFactory.createIOSDriver(DriverFactory.java:120)
	at com.briskpe.framework.core.DriverFactory.createDriver(DriverFactory.java:52)
	at com.briskpe.framework.core.DriverFactory.createDriver(DriverFactory.java:40)
	at com.briskpe.tests.BaseTest.setUp(BaseTest.java:39)
	at java.base/java.util.ArrayList.forEach(ArrayList.java:1511)
	at java.base/java.util.concurrent.FutureTask.run(FutureTask.java:264)
	at java.base/java.util.concurrent.ThreadPoolExecutor.runWorker(ThreadPoolExecutor.java:1136)
	at java.base/java.util.concurrent.ThreadPoolExecutor$Worker.run(ThreadPoolExecutor.java:635)
	at java.base/java.lang.Thread.run(Thread.java:842)
Caused by: java.io.UncheckedIOException: java.net.ConnectException
	at org.openqa.selenium.remote.http.jdk.JdkHttpClient.execute0(JdkHttpClient.java:500)
	at io.appium.java_client.internal.filters.AppiumIdempotencyFilter.lambda$apply$0(AppiumIdempotencyFilter.java:35)
	at io.appium.java_client.internal.filters.AppiumUserAgentFilter.lambda$apply$0(AppiumUserAgentFilter.java:86)
	at org.openqa.selenium.remote.http.Filter.lambda$andFinally$1(Filter.java:55)
	at org.openqa.selenium.remote.http.jdk.JdkHttpClient.lambda$executeAsync$2(JdkHttpClient.java:387)
	at java.base/java.util.concurrent.Executors$RunnableAdapter.call(Executors.java:539)
	... 4 more
Caused by: java.net.ConnectException
	at java.net.http/jdk.internal.net.http.HttpClientImpl.send(HttpClientImpl.java:574)
	at java.net.http/jdk.internal.net.http.HttpClientFacade.send(HttpClientFacade.java:123)
	at org.openqa.selenium.remote.http.jdk.JdkHttpClient.execute0(JdkHttpClient.java:459)
	... 9 more
Caused by: java.net.ConnectException
	at java.net.http/jdk.internal.net.http.common.Utils.toConnectException(Utils.java:1055)
	at java.net.http/jdk.internal.net.http.PlainHttpConnection.connectAsync(PlainHttpConnection.java:198)
	at java.net.http/jdk.internal.net.http.PlainHttpConnection.checkRetryConnect(PlainHttpConnection.java:230)
	at java.net.http/jdk.internal.net.http.PlainHttpConnection.lambda$connectAsync$1(PlainHttpConnection.java:206)
	at java.base/java.util.concurrent.CompletableFuture.uniHandle(CompletableFuture.java:934)
	at java.base/java.util.concurrent.CompletableFuture$UniHandle.tryFire(CompletableFuture.java:911)
	at java.base/java.util.concurrent.CompletableFuture.postComplete(CompletableFuture.java:510)
	at java.base/java.util.concurrent.CompletableFuture$AsyncSupply.run(CompletableFuture.java:1773)
	... 3 more
Caused by: java.nio.channels.ClosedChannelException
	at java.base/sun.nio.ch.SocketChannelImpl.ensureOpen(SocketChannelImpl.java:195)
	at java.base/sun.nio.ch.SocketChannelImpl.beginConnect(SocketChannelImpl.java:760)
	at java.base/sun.nio.ch.SocketChannelImpl.connect(SocketChannelImpl.java:848)
	at java.net.http/jdk.internal.net.http.PlainHttpConnection.lambda$connectAsync$0(PlainHttpConnection.java:183)
	at java.base/java.security.AccessController.doPrivileged(AccessController.java:569)
	at java.net.http/jdk.internal.net.http.PlainHttpConnection.connectAsync(PlainHttpConnection.java:185)
	... 9 more
... Removed 21 stack frames
</div> <!-- stack-trace -->
                </div> <!-- method-content -->
              </div> <!-- method -->
              <div class="method">
                <div class="method-content">
                  <a name="shouldNotLoginWithInvalidMobileNumber">
                  </a> <!-- shouldNotLoginWithInvalidMobileNumber -->
                  <span class="method-name">shouldNotLoginWithInvalidMobileNumber</span>
                  <div class="stack-trace">java.lang.NullPointerException: Cannot invoke &quot;com.aventstack.extentreports.ExtentTest.skip(String)&quot; because &quot;com.briskpe.tests.LoginTest.test&quot; is null
	at com.briskpe.tests.LoginTest.tearDownLoginTest(LoginTest.java:71)
	at java.base/java.util.ArrayList.forEach(ArrayList.java:1511)
	at java.base/java.util.concurrent.FutureTask.run(FutureTask.java:264)
	at java.base/java.util.concurrent.ThreadPoolExecutor.runWorker(ThreadPoolExecutor.java:1136)
	at java.base/java.util.concurrent.ThreadPoolExecutor$Worker.run(ThreadPoolExecutor.java:635)
	at java.base/java.lang.Thread.run(Thread.java:842)
... Removed 22 stack frames
</div> <!-- stack-trace -->
                </div> <!-- method-content -->
              </div> <!-- method -->
              <div class="method">
                <div class="method-content">
                  <a name="shouldNotLoginWithInvalidMobileNumber">
                  </a> <!-- shouldNotLoginWithInvalidMobileNumber -->
                  <span class="method-name">shouldNotLoginWithInvalidMobileNumber</span>
                  <div class="stack-trace">java.lang.NullPointerException: Cannot invoke &quot;com.aventstack.extentreports.ExtentTest.skip(String)&quot; because &quot;com.briskpe.tests.BaseTest.test&quot; is null
	at com.briskpe.tests.BaseTest.tearDown(BaseTest.java:64)
	at java.base/java.util.ArrayList.forEach(ArrayList.java:1511)
	at java.base/java.util.concurrent.FutureTask.run(FutureTask.java:264)
	at java.base/java.util.concurrent.ThreadPoolExecutor.runWorker(ThreadPoolExecutor.java:1136)
	at java.base/java.util.concurrent.ThreadPoolExecutor$Worker.run(ThreadPoolExecutor.java:635)
	at java.base/java.lang.Thread.run(Thread.java:842)
... Removed 22 stack frames
</div> <!-- stack-trace -->
                </div> <!-- method-content -->
              </div> <!-- method -->
              <div class="method">
                <div class="method-content">
                  <a name="shouldNotLoginWithInvalidMobileNumber">
                  </a> <!-- shouldNotLoginWithInvalidMobileNumber -->
                  <span class="method-name">shouldNotLoginWithInvalidMobileNumber</span>
                  <div class="stack-trace">org.openqa.selenium.SessionNotCreatedException: Could not start a new session. Possible causes are invalid address of the remote server or browser start-up failure. 
Host info: host: &apos;VISHALSHUKLA&apos;, ip: &apos;10.188.60.117&apos;
Build info: version: &apos;4.34.0&apos;, revision: &apos;707dcb4246*&apos;
System info: os.name: &apos;Windows 11&apos;, os.arch: &apos;amd64&apos;, os.version: &apos;10.0&apos;, java.version: &apos;17.0.12&apos;
Driver info: io.appium.java_client.ios.IOSDriver
Command: [null, newSession {capabilities=[Capabilities {appium:automationName: Flutter, appium:bundleId: com.briskpe.app, platformName: IOS}]}]
Capabilities {appium:automationName: Flutter, appium:bundleId: com.briskpe.app, platformName: IOS}
	at org.openqa.selenium.remote.RemoteWebDriver.execute(RemoteWebDriver.java:562)
	at io.appium.java_client.AppiumDriver.startSession(AppiumDriver.java:313)
	at org.openqa.selenium.remote.RemoteWebDriver.&lt;init&gt;(RemoteWebDriver.java:173)
	at io.appium.java_client.AppiumDriver.&lt;init&gt;(AppiumDriver.java:101)
	at io.appium.java_client.AppiumDriver.&lt;init&gt;(AppiumDriver.java:113)
	at io.appium.java_client.ios.IOSDriver.&lt;init&gt;(IOSDriver.java:101)
	at com.briskpe.framework.core.DriverFactory.createIOSDriver(DriverFactory.java:120)
	at com.briskpe.framework.core.DriverFactory.createDriver(DriverFactory.java:52)
	at com.briskpe.framework.core.DriverFactory.createDriver(DriverFactory.java:40)
	at com.briskpe.tests.BaseTest.setUp(BaseTest.java:39)
	at java.base/java.util.ArrayList.forEach(ArrayList.java:1511)
	at java.base/java.util.concurrent.FutureTask.run(FutureTask.java:264)
	at java.base/java.util.concurrent.ThreadPoolExecutor.runWorker(ThreadPoolExecutor.java:1136)
	at java.base/java.util.concurrent.ThreadPoolExecutor$Worker.run(ThreadPoolExecutor.java:635)
	at java.base/java.lang.Thread.run(Thread.java:842)
Caused by: java.io.UncheckedIOException: java.net.ConnectException
	at org.openqa.selenium.remote.http.jdk.JdkHttpClient.execute0(JdkHttpClient.java:500)
	at io.appium.java_client.internal.filters.AppiumIdempotencyFilter.lambda$apply$0(AppiumIdempotencyFilter.java:35)
	at io.appium.java_client.internal.filters.AppiumUserAgentFilter.lambda$apply$0(AppiumUserAgentFilter.java:86)
	at org.openqa.selenium.remote.http.Filter.lambda$andFinally$1(Filter.java:55)
	at org.openqa.selenium.remote.http.jdk.JdkHttpClient.lambda$executeAsync$2(JdkHttpClient.java:387)
	at java.base/java.util.concurrent.Executors$RunnableAdapter.call(Executors.java:539)
	... 4 more
Caused by: java.net.ConnectException
	at java.net.http/jdk.internal.net.http.HttpClientImpl.send(HttpClientImpl.java:574)
	at java.net.http/jdk.internal.net.http.HttpClientFacade.send(HttpClientFacade.java:123)
	at org.openqa.selenium.remote.http.jdk.JdkHttpClient.execute0(JdkHttpClient.java:459)
	... 9 more
Caused by: java.net.ConnectException
	at java.net.http/jdk.internal.net.http.common.Utils.toConnectException(Utils.java:1055)
	at java.net.http/jdk.internal.net.http.PlainHttpConnection.connectAsync(PlainHttpConnection.java:198)
	at java.net.http/jdk.internal.net.http.PlainHttpConnection.checkRetryConnect(PlainHttpConnection.java:230)
	at java.net.http/jdk.internal.net.http.PlainHttpConnection.lambda$connectAsync$1(PlainHttpConnection.java:206)
	at java.base/java.util.concurrent.CompletableFuture.uniHandle(CompletableFuture.java:934)
	at java.base/java.util.concurrent.CompletableFuture$UniHandle.tryFire(CompletableFuture.java:911)
	at java.base/java.util.concurrent.CompletableFuture.postComplete(CompletableFuture.java:510)
	at java.base/java.util.concurrent.CompletableFuture$AsyncSupply.run(CompletableFuture.java:1773)
	... 3 more
Caused by: java.nio.channels.ClosedChannelException
	at java.base/sun.nio.ch.SocketChannelImpl.ensureOpen(SocketChannelImpl.java:195)
	at java.base/sun.nio.ch.SocketChannelImpl.beginConnect(SocketChannelImpl.java:760)
	at java.base/sun.nio.ch.SocketChannelImpl.connect(SocketChannelImpl.java:848)
	at java.net.http/jdk.internal.net.http.PlainHttpConnection.lambda$connectAsync$0(PlainHttpConnection.java:183)
	at java.base/java.security.AccessController.doPrivileged(AccessController.java:569)
	at java.net.http/jdk.internal.net.http.PlainHttpConnection.connectAsync(PlainHttpConnection.java:185)
	... 9 more
... Removed 21 stack frames
</div> <!-- stack-trace -->
                </div> <!-- method-content -->
              </div> <!-- method -->
            </div> <!-- main-panel-content rounded-window-bottom -->
          </div> <!-- suite-Briskpe_Cross_Platform_Suite-class-skipped -->
          <div class="suite-Briskpe_Cross_Platform_Suite-class-skipped">
            <div class="main-panel-header rounded-window-top">
              <img src="skipped.png"/>
              <span class="class-name">com.briskpe.tests.DashBoardTest</span>
            </div> <!-- main-panel-header rounded-window-top -->
            <div class="main-panel-content rounded-window-bottom">
              <div class="method">
                <div class="method-content">
                  <a name="clickSkipButtonTest">
                  </a> <!-- clickSkipButtonTest -->
                  <span class="method-name">clickSkipButtonTest</span>
                  <div class="stack-trace">org.openqa.selenium.SessionNotCreatedException: Could not start a new session. Possible causes are invalid address of the remote server or browser start-up failure. 
Host info: host: &apos;VISHALSHUKLA&apos;, ip: &apos;10.188.60.117&apos;
Build info: version: &apos;4.34.0&apos;, revision: &apos;707dcb4246*&apos;
System info: os.name: &apos;Windows 11&apos;, os.arch: &apos;amd64&apos;, os.version: &apos;10.0&apos;, java.version: &apos;17.0.12&apos;
Driver info: io.appium.java_client.ios.IOSDriver
Command: [null, newSession {capabilities=[Capabilities {appium:automationName: Flutter, appium:bundleId: com.briskpe.app, platformName: IOS}]}]
Capabilities {appium:automationName: Flutter, appium:bundleId: com.briskpe.app, platformName: IOS}
	at org.openqa.selenium.remote.RemoteWebDriver.execute(RemoteWebDriver.java:562)
	at io.appium.java_client.AppiumDriver.startSession(AppiumDriver.java:313)
	at org.openqa.selenium.remote.RemoteWebDriver.&lt;init&gt;(RemoteWebDriver.java:173)
	at io.appium.java_client.AppiumDriver.&lt;init&gt;(AppiumDriver.java:101)
	at io.appium.java_client.AppiumDriver.&lt;init&gt;(AppiumDriver.java:113)
	at io.appium.java_client.ios.IOSDriver.&lt;init&gt;(IOSDriver.java:101)
	at com.briskpe.framework.core.DriverFactory.createIOSDriver(DriverFactory.java:120)
	at com.briskpe.framework.core.DriverFactory.createDriver(DriverFactory.java:52)
	at com.briskpe.framework.core.DriverFactory.createDriver(DriverFactory.java:40)
	at com.briskpe.tests.BaseTest.setUp(BaseTest.java:39)
	at java.base/java.util.ArrayList.forEach(ArrayList.java:1511)
	at java.base/java.util.concurrent.FutureTask.run(FutureTask.java:264)
	at java.base/java.util.concurrent.ThreadPoolExecutor.runWorker(ThreadPoolExecutor.java:1136)
	at java.base/java.util.concurrent.ThreadPoolExecutor$Worker.run(ThreadPoolExecutor.java:635)
	at java.base/java.lang.Thread.run(Thread.java:842)
Caused by: java.io.UncheckedIOException: java.net.ConnectException
	at org.openqa.selenium.remote.http.jdk.JdkHttpClient.execute0(JdkHttpClient.java:500)
	at io.appium.java_client.internal.filters.AppiumIdempotencyFilter.lambda$apply$0(AppiumIdempotencyFilter.java:35)
	at io.appium.java_client.internal.filters.AppiumUserAgentFilter.lambda$apply$0(AppiumUserAgentFilter.java:86)
	at org.openqa.selenium.remote.http.Filter.lambda$andFinally$1(Filter.java:55)
	at org.openqa.selenium.remote.http.jdk.JdkHttpClient.lambda$executeAsync$2(JdkHttpClient.java:387)
	at java.base/java.util.concurrent.Executors$RunnableAdapter.call(Executors.java:539)
	... 4 more
Caused by: java.net.ConnectException
	at java.net.http/jdk.internal.net.http.HttpClientImpl.send(HttpClientImpl.java:574)
	at java.net.http/jdk.internal.net.http.HttpClientFacade.send(HttpClientFacade.java:123)
	at org.openqa.selenium.remote.http.jdk.JdkHttpClient.execute0(JdkHttpClient.java:459)
	... 9 more
Caused by: java.net.ConnectException
	at java.net.http/jdk.internal.net.http.common.Utils.toConnectException(Utils.java:1055)
	at java.net.http/jdk.internal.net.http.PlainHttpConnection.connectAsync(PlainHttpConnection.java:198)
	at java.net.http/jdk.internal.net.http.PlainHttpConnection.checkRetryConnect(PlainHttpConnection.java:230)
	at java.net.http/jdk.internal.net.http.PlainHttpConnection.lambda$connectAsync$1(PlainHttpConnection.java:206)
	at java.base/java.util.concurrent.CompletableFuture.uniHandle(CompletableFuture.java:934)
	at java.base/java.util.concurrent.CompletableFuture$UniHandle.tryFire(CompletableFuture.java:911)
	at java.base/java.util.concurrent.CompletableFuture.postComplete(CompletableFuture.java:510)
	at java.base/java.util.concurrent.CompletableFuture$AsyncSupply.run(CompletableFuture.java:1773)
	... 3 more
Caused by: java.nio.channels.ClosedChannelException
	at java.base/sun.nio.ch.SocketChannelImpl.ensureOpen(SocketChannelImpl.java:195)
	at java.base/sun.nio.ch.SocketChannelImpl.beginConnect(SocketChannelImpl.java:760)
	at java.base/sun.nio.ch.SocketChannelImpl.connect(SocketChannelImpl.java:848)
	at java.net.http/jdk.internal.net.http.PlainHttpConnection.lambda$connectAsync$0(PlainHttpConnection.java:183)
	at java.base/java.security.AccessController.doPrivileged(AccessController.java:569)
	at java.net.http/jdk.internal.net.http.PlainHttpConnection.connectAsync(PlainHttpConnection.java:185)
	... 9 more
... Removed 21 stack frames
</div> <!-- stack-trace -->
                </div> <!-- method-content -->
              </div> <!-- method -->
              <div class="method">
                <div class="method-content">
                  <a name="clickSkipButtonTest">
                  </a> <!-- clickSkipButtonTest -->
                  <span class="method-name">clickSkipButtonTest</span>
                  <div class="stack-trace">org.openqa.selenium.SessionNotCreatedException: Could not start a new session. Possible causes are invalid address of the remote server or browser start-up failure. 
Host info: host: &apos;VISHALSHUKLA&apos;, ip: &apos;10.188.60.117&apos;
Build info: version: &apos;4.34.0&apos;, revision: &apos;707dcb4246*&apos;
System info: os.name: &apos;Windows 11&apos;, os.arch: &apos;amd64&apos;, os.version: &apos;10.0&apos;, java.version: &apos;17.0.12&apos;
Driver info: io.appium.java_client.ios.IOSDriver
Command: [null, newSession {capabilities=[Capabilities {appium:automationName: Flutter, appium:bundleId: com.briskpe.app, platformName: IOS}]}]
Capabilities {appium:automationName: Flutter, appium:bundleId: com.briskpe.app, platformName: IOS}
	at org.openqa.selenium.remote.RemoteWebDriver.execute(RemoteWebDriver.java:562)
	at io.appium.java_client.AppiumDriver.startSession(AppiumDriver.java:313)
	at org.openqa.selenium.remote.RemoteWebDriver.&lt;init&gt;(RemoteWebDriver.java:173)
	at io.appium.java_client.AppiumDriver.&lt;init&gt;(AppiumDriver.java:101)
	at io.appium.java_client.AppiumDriver.&lt;init&gt;(AppiumDriver.java:113)
	at io.appium.java_client.ios.IOSDriver.&lt;init&gt;(IOSDriver.java:101)
	at com.briskpe.framework.core.DriverFactory.createIOSDriver(DriverFactory.java:120)
	at com.briskpe.framework.core.DriverFactory.createDriver(DriverFactory.java:52)
	at com.briskpe.framework.core.DriverFactory.createDriver(DriverFactory.java:40)
	at com.briskpe.tests.BaseTest.setUp(BaseTest.java:39)
	at java.base/java.util.ArrayList.forEach(ArrayList.java:1511)
	at java.base/java.util.concurrent.FutureTask.run(FutureTask.java:264)
	at java.base/java.util.concurrent.ThreadPoolExecutor.runWorker(ThreadPoolExecutor.java:1136)
	at java.base/java.util.concurrent.ThreadPoolExecutor$Worker.run(ThreadPoolExecutor.java:635)
	at java.base/java.lang.Thread.run(Thread.java:842)
Caused by: java.io.UncheckedIOException: java.net.ConnectException
	at org.openqa.selenium.remote.http.jdk.JdkHttpClient.execute0(JdkHttpClient.java:500)
	at io.appium.java_client.internal.filters.AppiumIdempotencyFilter.lambda$apply$0(AppiumIdempotencyFilter.java:35)
	at io.appium.java_client.internal.filters.AppiumUserAgentFilter.lambda$apply$0(AppiumUserAgentFilter.java:86)
	at org.openqa.selenium.remote.http.Filter.lambda$andFinally$1(Filter.java:55)
	at org.openqa.selenium.remote.http.jdk.JdkHttpClient.lambda$executeAsync$2(JdkHttpClient.java:387)
	at java.base/java.util.concurrent.Executors$RunnableAdapter.call(Executors.java:539)
	... 4 more
Caused by: java.net.ConnectException
	at java.net.http/jdk.internal.net.http.HttpClientImpl.send(HttpClientImpl.java:574)
	at java.net.http/jdk.internal.net.http.HttpClientFacade.send(HttpClientFacade.java:123)
	at org.openqa.selenium.remote.http.jdk.JdkHttpClient.execute0(JdkHttpClient.java:459)
	... 9 more
Caused by: java.net.ConnectException
	at java.net.http/jdk.internal.net.http.common.Utils.toConnectException(Utils.java:1055)
	at java.net.http/jdk.internal.net.http.PlainHttpConnection.connectAsync(PlainHttpConnection.java:198)
	at java.net.http/jdk.internal.net.http.PlainHttpConnection.checkRetryConnect(PlainHttpConnection.java:230)
	at java.net.http/jdk.internal.net.http.PlainHttpConnection.lambda$connectAsync$1(PlainHttpConnection.java:206)
	at java.base/java.util.concurrent.CompletableFuture.uniHandle(CompletableFuture.java:934)
	at java.base/java.util.concurrent.CompletableFuture$UniHandle.tryFire(CompletableFuture.java:911)
	at java.base/java.util.concurrent.CompletableFuture.postComplete(CompletableFuture.java:510)
	at java.base/java.util.concurrent.CompletableFuture$AsyncSupply.run(CompletableFuture.java:1773)
	... 3 more
Caused by: java.nio.channels.ClosedChannelException
	at java.base/sun.nio.ch.SocketChannelImpl.ensureOpen(SocketChannelImpl.java:195)
	at java.base/sun.nio.ch.SocketChannelImpl.beginConnect(SocketChannelImpl.java:760)
	at java.base/sun.nio.ch.SocketChannelImpl.connect(SocketChannelImpl.java:848)
	at java.net.http/jdk.internal.net.http.PlainHttpConnection.lambda$connectAsync$0(PlainHttpConnection.java:183)
	at java.base/java.security.AccessController.doPrivileged(AccessController.java:569)
	at java.net.http/jdk.internal.net.http.PlainHttpConnection.connectAsync(PlainHttpConnection.java:185)
	... 9 more
... Removed 21 stack frames
</div> <!-- stack-trace -->
                </div> <!-- method-content -->
              </div> <!-- method -->
              <div class="method">
                <div class="method-content">
                  <a name="clickSkipButtonTest">
                  </a> <!-- clickSkipButtonTest -->
                  <span class="method-name">clickSkipButtonTest</span>
                  <div class="stack-trace">org.openqa.selenium.SessionNotCreatedException: Could not start a new session. Possible causes are invalid address of the remote server or browser start-up failure. 
Host info: host: &apos;VISHALSHUKLA&apos;, ip: &apos;10.188.60.117&apos;
Build info: version: &apos;4.34.0&apos;, revision: &apos;707dcb4246*&apos;
System info: os.name: &apos;Windows 11&apos;, os.arch: &apos;amd64&apos;, os.version: &apos;10.0&apos;, java.version: &apos;17.0.12&apos;
Driver info: io.appium.java_client.ios.IOSDriver
Command: [null, newSession {capabilities=[Capabilities {appium:automationName: Flutter, appium:bundleId: com.briskpe.app, platformName: IOS}]}]
Capabilities {appium:automationName: Flutter, appium:bundleId: com.briskpe.app, platformName: IOS}
	at org.openqa.selenium.remote.RemoteWebDriver.execute(RemoteWebDriver.java:562)
	at io.appium.java_client.AppiumDriver.startSession(AppiumDriver.java:313)
	at org.openqa.selenium.remote.RemoteWebDriver.&lt;init&gt;(RemoteWebDriver.java:173)
	at io.appium.java_client.AppiumDriver.&lt;init&gt;(AppiumDriver.java:101)
	at io.appium.java_client.AppiumDriver.&lt;init&gt;(AppiumDriver.java:113)
	at io.appium.java_client.ios.IOSDriver.&lt;init&gt;(IOSDriver.java:101)
	at com.briskpe.framework.core.DriverFactory.createIOSDriver(DriverFactory.java:120)
	at com.briskpe.framework.core.DriverFactory.createDriver(DriverFactory.java:52)
	at com.briskpe.framework.core.DriverFactory.createDriver(DriverFactory.java:40)
	at com.briskpe.tests.BaseTest.setUp(BaseTest.java:39)
	at java.base/java.util.ArrayList.forEach(ArrayList.java:1511)
	at java.base/java.util.concurrent.FutureTask.run(FutureTask.java:264)
	at java.base/java.util.concurrent.ThreadPoolExecutor.runWorker(ThreadPoolExecutor.java:1136)
	at java.base/java.util.concurrent.ThreadPoolExecutor$Worker.run(ThreadPoolExecutor.java:635)
	at java.base/java.lang.Thread.run(Thread.java:842)
Caused by: java.io.UncheckedIOException: java.net.ConnectException
	at org.openqa.selenium.remote.http.jdk.JdkHttpClient.execute0(JdkHttpClient.java:500)
	at io.appium.java_client.internal.filters.AppiumIdempotencyFilter.lambda$apply$0(AppiumIdempotencyFilter.java:35)
	at io.appium.java_client.internal.filters.AppiumUserAgentFilter.lambda$apply$0(AppiumUserAgentFilter.java:86)
	at org.openqa.selenium.remote.http.Filter.lambda$andFinally$1(Filter.java:55)
	at org.openqa.selenium.remote.http.jdk.JdkHttpClient.lambda$executeAsync$2(JdkHttpClient.java:387)
	at java.base/java.util.concurrent.Executors$RunnableAdapter.call(Executors.java:539)
	... 4 more
Caused by: java.net.ConnectException
	at java.net.http/jdk.internal.net.http.HttpClientImpl.send(HttpClientImpl.java:574)
	at java.net.http/jdk.internal.net.http.HttpClientFacade.send(HttpClientFacade.java:123)
	at org.openqa.selenium.remote.http.jdk.JdkHttpClient.execute0(JdkHttpClient.java:459)
	... 9 more
Caused by: java.net.ConnectException
	at java.net.http/jdk.internal.net.http.common.Utils.toConnectException(Utils.java:1055)
	at java.net.http/jdk.internal.net.http.PlainHttpConnection.connectAsync(PlainHttpConnection.java:198)
	at java.net.http/jdk.internal.net.http.PlainHttpConnection.checkRetryConnect(PlainHttpConnection.java:230)
	at java.net.http/jdk.internal.net.http.PlainHttpConnection.lambda$connectAsync$1(PlainHttpConnection.java:206)
	at java.base/java.util.concurrent.CompletableFuture.uniHandle(CompletableFuture.java:934)
	at java.base/java.util.concurrent.CompletableFuture$UniHandle.tryFire(CompletableFuture.java:911)
	at java.base/java.util.concurrent.CompletableFuture.postComplete(CompletableFuture.java:510)
	at java.base/java.util.concurrent.CompletableFuture$AsyncSupply.run(CompletableFuture.java:1773)
	... 3 more
Caused by: java.nio.channels.ClosedChannelException
	at java.base/sun.nio.ch.SocketChannelImpl.ensureOpen(SocketChannelImpl.java:195)
	at java.base/sun.nio.ch.SocketChannelImpl.beginConnect(SocketChannelImpl.java:760)
	at java.base/sun.nio.ch.SocketChannelImpl.connect(SocketChannelImpl.java:848)
	at java.net.http/jdk.internal.net.http.PlainHttpConnection.lambda$connectAsync$0(PlainHttpConnection.java:183)
	at java.base/java.security.AccessController.doPrivileged(AccessController.java:569)
	at java.net.http/jdk.internal.net.http.PlainHttpConnection.connectAsync(PlainHttpConnection.java:185)
	... 9 more
... Removed 21 stack frames
</div> <!-- stack-trace -->
                </div> <!-- method-content -->
              </div> <!-- method -->
              <div class="method">
                <div class="method-content">
                  <a name="verifyUserCanNavigateToSideMenuItems">
                  </a> <!-- verifyUserCanNavigateToSideMenuItems -->
                  <span class="method-name">verifyUserCanNavigateToSideMenuItems</span>
                  <div class="stack-trace">java.lang.NullPointerException: Cannot invoke &quot;com.aventstack.extentreports.ExtentTest.skip(String)&quot; because &quot;com.briskpe.tests.DashBoardTest.test&quot; is null
	at com.briskpe.tests.DashBoardTest.tearDownTestWithScreenshot(DashBoardTest.java:89)
	at java.base/java.util.ArrayList.forEach(ArrayList.java:1511)
	at java.base/java.util.concurrent.FutureTask.run(FutureTask.java:264)
	at java.base/java.util.concurrent.ThreadPoolExecutor.runWorker(ThreadPoolExecutor.java:1136)
	at java.base/java.util.concurrent.ThreadPoolExecutor$Worker.run(ThreadPoolExecutor.java:635)
	at java.base/java.lang.Thread.run(Thread.java:842)
... Removed 22 stack frames
</div> <!-- stack-trace -->
                </div> <!-- method-content -->
              </div> <!-- method -->
              <div class="method">
                <div class="method-content">
                  <a name="verifyUserCanNavigateToSideMenuItems">
                  </a> <!-- verifyUserCanNavigateToSideMenuItems -->
                  <span class="method-name">verifyUserCanNavigateToSideMenuItems</span>
                  <div class="stack-trace">java.lang.NullPointerException: Cannot invoke &quot;com.aventstack.extentreports.ExtentTest.skip(String)&quot; because &quot;com.briskpe.tests.BaseTest.test&quot; is null
	at com.briskpe.tests.BaseTest.tearDown(BaseTest.java:64)
	at java.base/java.util.ArrayList.forEach(ArrayList.java:1511)
	at java.base/java.util.concurrent.FutureTask.run(FutureTask.java:264)
	at java.base/java.util.concurrent.ThreadPoolExecutor.runWorker(ThreadPoolExecutor.java:1136)
	at java.base/java.util.concurrent.ThreadPoolExecutor$Worker.run(ThreadPoolExecutor.java:635)
	at java.base/java.lang.Thread.run(Thread.java:842)
... Removed 22 stack frames
</div> <!-- stack-trace -->
                </div> <!-- method-content -->
              </div> <!-- method -->
              <div class="method">
                <div class="method-content">
                  <a name="verifyUserCanNavigateToSideMenuItems">
                  </a> <!-- verifyUserCanNavigateToSideMenuItems -->
                  <span class="method-name">verifyUserCanNavigateToSideMenuItems</span>
                  <div class="stack-trace">java.lang.NullPointerException: Cannot invoke &quot;com.aventstack.extentreports.ExtentTest.skip(String)&quot; because &quot;com.briskpe.tests.BaseTest.test&quot; is null
	at com.briskpe.tests.BaseTest.tearDown(BaseTest.java:64)
	at java.base/java.util.ArrayList.forEach(ArrayList.java:1511)
	at java.base/java.util.concurrent.FutureTask.run(FutureTask.java:264)
	at java.base/java.util.concurrent.ThreadPoolExecutor.runWorker(ThreadPoolExecutor.java:1136)
	at java.base/java.util.concurrent.ThreadPoolExecutor$Worker.run(ThreadPoolExecutor.java:635)
	at java.base/java.lang.Thread.run(Thread.java:842)
... Removed 22 stack frames
</div> <!-- stack-trace -->
                </div> <!-- method-content -->
              </div> <!-- method -->
            </div> <!-- main-panel-content rounded-window-bottom -->
          </div> <!-- suite-Briskpe_Cross_Platform_Suite-class-skipped -->
        </div> <!-- panel Briskpe_Cross_Platform_Suite -->
        <div panel-name="test-xml-Briskpe_Cross_Platform_Suite" class="panel">
          <div class="main-panel-header rounded-window-top">
            <span class="header-content">C:\Briskpe\Briskpe_cross-platform-framework\testng.xml</span>
          </div> <!-- main-panel-header rounded-window-top -->
          <div class="main-panel-content rounded-window-bottom">
            <pre>
&lt;?xml version=&quot;1.0&quot; encoding=&quot;UTF-8&quot;?&gt;
&lt;!DOCTYPE suite SYSTEM &quot;https://testng.org/testng-1.0.dtd&quot;&gt;
&lt;suite thread-count=&quot;3&quot; parallel=&quot;tests&quot; name=&quot;Briskpe-Cross-Platform-Suite&quot; guice-stage=&quot;DEVELOPMENT&quot; verbose=&quot;0&quot;&gt;
  &lt;listeners&gt;
    &lt;listener class-name=&quot;com.briskpe.framework.utils.TestListener&quot;/&gt;
  &lt;/listeners&gt;
  &lt;test thread-count=&quot;3&quot; parallel=&quot;tests&quot; name=&quot;Web&quot; verbose=&quot;0&quot;&gt;
    &lt;parameter name=&quot;platform&quot; value=&quot;WEB&quot;/&gt;
    &lt;classes&gt;
      &lt;class name=&quot;com.briskpe.tests.LoginTest&quot;/&gt;
      &lt;class name=&quot;com.briskpe.tests.DashBoardTest&quot;/&gt;
    &lt;/classes&gt;
  &lt;/test&gt; &lt;!-- Web --&gt;
  &lt;test thread-count=&quot;3&quot; parallel=&quot;tests&quot; name=&quot;Android&quot; verbose=&quot;0&quot;&gt;
    &lt;parameter name=&quot;platform&quot; value=&quot;ANDROID&quot;/&gt;
    &lt;classes&gt;
      &lt;class name=&quot;com.briskpe.tests.LoginTest&quot;/&gt;
      &lt;class name=&quot;com.briskpe.tests.DashBoardTest&quot;/&gt;
    &lt;/classes&gt;
  &lt;/test&gt; &lt;!-- Android --&gt;
  &lt;test thread-count=&quot;3&quot; parallel=&quot;tests&quot; name=&quot;iOS&quot; verbose=&quot;0&quot;&gt;
    &lt;parameter name=&quot;platform&quot; value=&quot;IOS&quot;/&gt;
    &lt;classes&gt;
      &lt;class name=&quot;com.briskpe.tests.LoginTest&quot;/&gt;
      &lt;class name=&quot;com.briskpe.tests.DashBoardTest&quot;/&gt;
    &lt;/classes&gt;
  &lt;/test&gt; &lt;!-- iOS --&gt;
&lt;/suite&gt; &lt;!-- Briskpe-Cross-Platform-Suite --&gt;
            </pre>
          </div> <!-- main-panel-content rounded-window-bottom -->
        </div> <!-- panel -->
        <div panel-name="testlist-Briskpe_Cross_Platform_Suite" class="panel">
          <div class="main-panel-header rounded-window-top">
            <span class="header-content">Tests for Briskpe-Cross-Platform-Suite</span>
          </div> <!-- main-panel-header rounded-window-top -->
          <div class="main-panel-content rounded-window-bottom">
            <ul>
              <li>
                <span class="test-name">Web (2 classes)</span>
              </li>
              <li>
                <span class="test-name">Android (2 classes)</span>
              </li>
              <li>
                <span class="test-name">iOS (2 classes)</span>
              </li>
            </ul>
          </div> <!-- main-panel-content rounded-window-bottom -->
        </div> <!-- panel -->
        <div panel-name="group-Briskpe_Cross_Platform_Suite" class="panel">
          <div class="main-panel-header rounded-window-top">
            <span class="header-content">Groups for Briskpe-Cross-Platform-Suite</span>
          </div> <!-- main-panel-header rounded-window-top -->
          <div class="main-panel-content rounded-window-bottom">
          </div> <!-- main-panel-content rounded-window-bottom -->
        </div> <!-- panel -->
        <div panel-name="times-Briskpe_Cross_Platform_Suite" class="panel">
          <div class="main-panel-header rounded-window-top">
            <span class="header-content">Times for Briskpe-Cross-Platform-Suite</span>
          </div> <!-- main-panel-header rounded-window-top -->
          <div class="main-panel-content rounded-window-bottom">
            <div class="times-div">
              <script type="text/javascript">
suiteTableInitFunctions.push('tableData_Briskpe_Cross_Platform_Suite');
function tableData_Briskpe_Cross_Platform_Suite() {
var data = new google.visualization.DataTable();
data.addColumn('number', 'Number');
data.addColumn('string', 'Method');
data.addColumn('string', 'Class');
data.addColumn('number', 'Time (ms)');
data.addRows(12);
data.setCell(0, 0, 0)
data.setCell(0, 1, 'shouldLoginWithValidMobile')
data.setCell(0, 2, 'com.briskpe.tests.LoginTest')
data.setCell(0, 3, 1);
data.setCell(1, 0, 1)
data.setCell(1, 1, 'shouldLoginWithValidMobile')
data.setCell(1, 2, 'com.briskpe.tests.LoginTest')
data.setCell(1, 3, 1);
data.setCell(2, 0, 2)
data.setCell(2, 1, 'shouldLoginWithValidMobile')
data.setCell(2, 2, 'com.briskpe.tests.LoginTest')
data.setCell(2, 3, 1);
data.setCell(3, 0, 3)
data.setCell(3, 1, 'shouldNotLoginWithInvalidMobileNumber')
data.setCell(3, 2, 'com.briskpe.tests.LoginTest')
data.setCell(3, 3, 0);
data.setCell(4, 0, 4)
data.setCell(4, 1, 'clickSkipButtonTest')
data.setCell(4, 2, 'com.briskpe.tests.DashBoardTest')
data.setCell(4, 3, 0);
data.setCell(5, 0, 5)
data.setCell(5, 1, 'verifyUserCanNavigateToSideMenuItems')
data.setCell(5, 2, 'com.briskpe.tests.DashBoardTest')
data.setCell(5, 3, 0);
data.setCell(6, 0, 6)
data.setCell(6, 1, 'verifyUserCanNavigateToSideMenuItems')
data.setCell(6, 2, 'com.briskpe.tests.DashBoardTest')
data.setCell(6, 3, 0);
data.setCell(7, 0, 7)
data.setCell(7, 1, 'shouldNotLoginWithInvalidMobileNumber')
data.setCell(7, 2, 'com.briskpe.tests.LoginTest')
data.setCell(7, 3, 0);
data.setCell(8, 0, 8)
data.setCell(8, 1, 'clickSkipButtonTest')
data.setCell(8, 2, 'com.briskpe.tests.DashBoardTest')
data.setCell(8, 3, 0);
data.setCell(9, 0, 9)
data.setCell(9, 1, 'clickSkipButtonTest')
data.setCell(9, 2, 'com.briskpe.tests.DashBoardTest')
data.setCell(9, 3, 0);
data.setCell(10, 0, 10)
data.setCell(10, 1, 'verifyUserCanNavigateToSideMenuItems')
data.setCell(10, 2, 'com.briskpe.tests.DashBoardTest')
data.setCell(10, 3, 0);
data.setCell(11, 0, 11)
data.setCell(11, 1, 'shouldNotLoginWithInvalidMobileNumber')
data.setCell(11, 2, 'com.briskpe.tests.LoginTest')
data.setCell(11, 3, 0);
window.suiteTableData['Briskpe_Cross_Platform_Suite']= { tableData: data, tableDiv: 'times-div-Briskpe_Cross_Platform_Suite'}
return data;
}
              </script>
              <span class="suite-total-time">Total running time: 2 seconds</span>
              <div id="times-div-Briskpe_Cross_Platform_Suite">
              </div> <!-- times-div-Briskpe_Cross_Platform_Suite -->
            </div> <!-- times-div -->
          </div> <!-- main-panel-content rounded-window-bottom -->
        </div> <!-- panel -->
        <div panel-name="reporter-Briskpe_Cross_Platform_Suite" class="panel">
          <div class="main-panel-header rounded-window-top">
            <span class="header-content">Reporter output for Briskpe-Cross-Platform-Suite</span>
          </div> <!-- main-panel-header rounded-window-top -->
          <div class="main-panel-content rounded-window-bottom">
          </div> <!-- main-panel-content rounded-window-bottom -->
        </div> <!-- panel -->
        <div panel-name="ignored-methods-Briskpe_Cross_Platform_Suite" class="panel">
          <div class="main-panel-header rounded-window-top">
            <span class="header-content">6 ignored methods</span>
          </div> <!-- main-panel-header rounded-window-top -->
          <div class="main-panel-content rounded-window-bottom">
            <div class="ignored-class-div">
              <span class="ignored-class-name">com.briskpe.tests.DashBoardTest</span>
              <div class="ignored-methods-div">
                <span class="ignored-method-name">startReport</span>
                <br/>
                <span class="ignored-method-name">endReport</span>
                <br/>
                <span class="ignored-method-name">startReport</span>
                <br/>
                <span class="ignored-method-name">startReport</span>
                <br/>
                <span class="ignored-method-name">endReport</span>
                <br/>
                <span class="ignored-method-name">endReport</span>
                <br/>
              </div> <!-- ignored-methods-div -->
            </div> <!-- ignored-class-div -->
          </div> <!-- main-panel-content rounded-window-bottom -->
        </div> <!-- panel -->
        <div panel-name="chronological-Briskpe_Cross_Platform_Suite" class="panel">
          <div class="main-panel-header rounded-window-top">
            <span class="header-content">Methods in chronological order</span>
          </div> <!-- main-panel-header rounded-window-top -->
          <div class="main-panel-content rounded-window-bottom">
            <div class="chronological-class">
              <div class="chronological-class-name">com.briskpe.tests.LoginTest</div> <!-- chronological-class-name -->
              <div class="configuration-suite before">
                <span class="method-name">startReport</span>
                <span class="method-start">0 ms</span>
              </div> <!-- configuration-suite before -->
            </div> <!-- chronological-class -->
            <div class="chronological-class">
              <div class="chronological-class-name">com.briskpe.tests.DashBoardTest</div> <!-- chronological-class-name -->
              <div class="configuration-suite before">
                <span class="method-name">initReport</span>
                <span class="method-start">246 ms</span>
              </div> <!-- configuration-suite before -->
            </div> <!-- chronological-class -->
            <div class="chronological-class">
              <div class="chronological-class-name">com.briskpe.tests.LoginTest</div> <!-- chronological-class-name -->
              <div class="configuration-suite before">
                <span class="method-name">initReport</span>
                <span class="method-start">248 ms</span>
              </div> <!-- configuration-suite before -->
              <div class="configuration-method before">
                <img src="failed.png">
                </img>
                <span class="method-name">setUp(public void com.briskpe.tests.LoginTest.shouldLoginWithValidMobile(), WEB)</span>
                <span class="method-start">328 ms</span>
              </div> <!-- configuration-method before -->
              <div class="configuration-method before">
                <img src="failed.png">
                </img>
                <span class="method-name">setUp(public void com.briskpe.tests.LoginTest.shouldLoginWithValidMobile(), ANDROID)</span>
                <span class="method-start">328 ms</span>
              </div> <!-- configuration-method before -->
              <div class="configuration-method before">
                <img src="failed.png">
                </img>
                <span class="method-name">setUp(public void com.briskpe.tests.LoginTest.shouldLoginWithValidMobile(), IOS)</span>
                <span class="method-start">328 ms</span>
              </div> <!-- configuration-method before -->
              <div class="test-method">
                <span class="method-name">shouldLoginWithValidMobile</span>
                <span class="method-start">1074 ms</span>
              </div> <!-- test-method -->
              <div class="test-method">
                <span class="method-name">shouldLoginWithValidMobile</span>
                <span class="method-start">1075 ms</span>
              </div> <!-- test-method -->
              <div class="test-method">
                <span class="method-name">shouldLoginWithValidMobile</span>
                <span class="method-start">1075 ms</span>
              </div> <!-- test-method -->
              <div class="configuration-method after">
                <img src="failed.png">
                </img>
                <span class="method-name">tearDownLoginTest([TestResult name=shouldLoginWithValidMobile status=SKIP method=LoginTest.shouldLoginWithValidMobile(...)</span>
                <span class="method-start">1096 ms</span>
              </div> <!-- configuration-method after -->
              <div class="configuration-method after">
                <img src="failed.png">
                </img>
                <span class="method-name">tearDownLoginTest([TestResult name=shouldLoginWithValidMobile status=SKIP method=LoginTest.shouldLoginWithValidMobile(...)</span>
                <span class="method-start">1099 ms</span>
              </div> <!-- configuration-method after -->
              <div class="configuration-method after">
                <img src="failed.png">
                </img>
                <span class="method-name">tearDownLoginTest([TestResult name=shouldLoginWithValidMobile status=SKIP method=LoginTest.shouldLoginWithValidMobile(...)</span>
                <span class="method-start">1104 ms</span>
              </div> <!-- configuration-method after -->
              <div class="configuration-method after">
                <img src="failed.png">
                </img>
                <span class="method-name">tearDown([TestResult name=shouldLoginWithValidMobile status=SKIP method=LoginTest.shouldLoginWithValidMobile(...)</span>
                <span class="method-start">1129 ms</span>
              </div> <!-- configuration-method after -->
              <div class="configuration-method after">
                <img src="failed.png">
                </img>
                <span class="method-name">tearDown([TestResult name=shouldLoginWithValidMobile status=SKIP method=LoginTest.shouldLoginWithValidMobile(...)</span>
                <span class="method-start">1153 ms</span>
              </div> <!-- configuration-method after -->
              <div class="configuration-method after">
                <img src="failed.png">
                </img>
                <span class="method-name">tearDown([TestResult name=shouldLoginWithValidMobile status=SKIP method=LoginTest.shouldLoginWithValidMobile(...)</span>
                <span class="method-start">1159 ms</span>
              </div> <!-- configuration-method after -->
              <div class="configuration-method before">
                <img src="failed.png">
                </img>
                <span class="method-name">setUp(public void com.briskpe.tests.LoginTest.shouldNotLoginWithInvalidMobileNumber(), IOS)</span>
                <span class="method-start">1181 ms</span>
              </div> <!-- configuration-method before -->
              <div class="configuration-method before">
                <img src="failed.png">
                </img>
                <span class="method-name">setUp(public void com.briskpe.tests.LoginTest.shouldNotLoginWithInvalidMobileNumber(), IOS)</span>
                <span class="method-start">1212 ms</span>
              </div> <!-- configuration-method before -->
              <div class="configuration-method before">
                <img src="failed.png">
                </img>
                <span class="method-name">setUp(public void com.briskpe.tests.LoginTest.shouldNotLoginWithInvalidMobileNumber(), IOS)</span>
                <span class="method-start">1249 ms</span>
              </div> <!-- configuration-method before -->
              <div class="test-method">
                <span class="method-name">shouldNotLoginWithInvalidMobileNumber</span>
                <span class="method-start">1352 ms</span>
              </div> <!-- test-method -->
              <div class="test-method">
                <span class="method-name">shouldNotLoginWithInvalidMobileNumber</span>
                <span class="method-start">1389 ms</span>
              </div> <!-- test-method -->
              <div class="configuration-method after">
                <img src="failed.png">
                </img>
                <span class="method-name">tearDownLoginTest([TestResult name=shouldNotLoginWithInvalidMobileNumber status=SKIP method=LoginTest.shouldNotLoginWi...)</span>
                <span class="method-start">1389 ms</span>
              </div> <!-- configuration-method after -->
              <div class="test-method">
                <span class="method-name">shouldNotLoginWithInvalidMobileNumber</span>
                <span class="method-start">1394 ms</span>
              </div> <!-- test-method -->
              <div class="configuration-method after">
                <img src="failed.png">
                </img>
                <span class="method-name">tearDownLoginTest([TestResult name=shouldNotLoginWithInvalidMobileNumber status=SKIP method=LoginTest.shouldNotLoginWi...)</span>
                <span class="method-start">1399 ms</span>
              </div> <!-- configuration-method after -->
              <div class="configuration-method after">
                <img src="failed.png">
                </img>
                <span class="method-name">tearDownLoginTest([TestResult name=shouldNotLoginWithInvalidMobileNumber status=SKIP method=LoginTest.shouldNotLoginWi...)</span>
                <span class="method-start">1399 ms</span>
              </div> <!-- configuration-method after -->
              <div class="configuration-method after">
                <img src="failed.png">
                </img>
                <span class="method-name">tearDown([TestResult name=shouldNotLoginWithInvalidMobileNumber status=SKIP method=LoginTest.shouldNotLoginWi...)</span>
                <span class="method-start">1431 ms</span>
              </div> <!-- configuration-method after -->
              <div class="configuration-method after">
                <img src="failed.png">
                </img>
                <span class="method-name">tearDown([TestResult name=shouldNotLoginWithInvalidMobileNumber status=SKIP method=LoginTest.shouldNotLoginWi...)</span>
                <span class="method-start">1462 ms</span>
              </div> <!-- configuration-method after -->
            </div> <!-- chronological-class -->
            <div class="chronological-class">
              <div class="chronological-class-name">com.briskpe.tests.DashBoardTest</div> <!-- chronological-class-name -->
              <div class="configuration-method before">
                <img src="failed.png">
                </img>
                <span class="method-name">setUp(public void com.briskpe.tests.DashBoardTest.clickSkipButtonTest(), IOS)</span>
                <span class="method-start">1480 ms</span>
              </div> <!-- configuration-method before -->
            </div> <!-- chronological-class -->
            <div class="chronological-class">
              <div class="chronological-class-name">com.briskpe.tests.LoginTest</div> <!-- chronological-class-name -->
              <div class="configuration-method after">
                <img src="failed.png">
                </img>
                <span class="method-name">tearDown([TestResult name=shouldNotLoginWithInvalidMobileNumber status=SKIP method=LoginTest.shouldNotLoginWi...)</span>
                <span class="method-start">1494 ms</span>
              </div> <!-- configuration-method after -->
            </div> <!-- chronological-class -->
            <div class="chronological-class">
              <div class="chronological-class-name">com.briskpe.tests.DashBoardTest</div> <!-- chronological-class-name -->
              <div class="configuration-method before">
                <img src="failed.png">
                </img>
                <span class="method-name">setUp(public void com.briskpe.tests.DashBoardTest.clickSkipButtonTest(), IOS)</span>
                <span class="method-start">1526 ms</span>
              </div> <!-- configuration-method before -->
              <div class="configuration-method before">
                <img src="failed.png">
                </img>
                <span class="method-name">setUp(public void com.briskpe.tests.DashBoardTest.clickSkipButtonTest(), IOS)</span>
                <span class="method-start">1541 ms</span>
              </div> <!-- configuration-method before -->
              <div class="test-method">
                <span class="method-name">clickSkipButtonTest</span>
                <span class="method-start">1653 ms</span>
              </div> <!-- test-method -->
              <div class="test-method">
                <span class="method-name">clickSkipButtonTest</span>
                <span class="method-start">1678 ms</span>
              </div> <!-- test-method -->
              <div class="configuration-method after">
                <img src="failed.png">
                </img>
                <span class="method-name">tearDownTestWithScreenshot([TestResult name=clickSkipButtonTest status=SKIP method=DashBoardTest.clickSkipButtonTest()[pri:1, i...)</span>
                <span class="method-start">1685 ms</span>
              </div> <!-- configuration-method after -->
              <div class="configuration-method after">
                <img src="failed.png">
                </img>
                <span class="method-name">tearDownTestWithScreenshot([TestResult name=clickSkipButtonTest status=SKIP method=DashBoardTest.clickSkipButtonTest()[pri:1, i...)</span>
                <span class="method-start">1700 ms</span>
              </div> <!-- configuration-method after -->
              <div class="test-method">
                <span class="method-name">clickSkipButtonTest</span>
                <span class="method-start">1764 ms</span>
              </div> <!-- test-method -->
              <div class="configuration-method after">
                <img src="failed.png">
                </img>
                <span class="method-name">tearDown([TestResult name=clickSkipButtonTest status=SKIP method=DashBoardTest.clickSkipButtonTest()[pri:1, i...)</span>
                <span class="method-start">1764 ms</span>
              </div> <!-- configuration-method after -->
              <div class="configuration-method after">
                <img src="failed.png">
                </img>
                <span class="method-name">tearDown([TestResult name=clickSkipButtonTest status=SKIP method=DashBoardTest.clickSkipButtonTest()[pri:1, i...)</span>
                <span class="method-start">1766 ms</span>
              </div> <!-- configuration-method after -->
              <div class="configuration-method after">
                <img src="failed.png">
                </img>
                <span class="method-name">tearDownTestWithScreenshot([TestResult name=clickSkipButtonTest status=SKIP method=DashBoardTest.clickSkipButtonTest()[pri:1, i...)</span>
                <span class="method-start">1797 ms</span>
              </div> <!-- configuration-method after -->
              <div class="configuration-method before">
                <img src="failed.png">
                </img>
                <span class="method-name">setUp(public void com.briskpe.tests.DashBoardTest.verifyUserCanNavigateToSideMenuItems(), IOS)</span>
                <span class="method-start">1797 ms</span>
              </div> <!-- configuration-method before -->
              <div class="configuration-method before">
                <img src="failed.png">
                </img>
                <span class="method-name">setUp(public void com.briskpe.tests.DashBoardTest.verifyUserCanNavigateToSideMenuItems(), IOS)</span>
                <span class="method-start">1815 ms</span>
              </div> <!-- configuration-method before -->
              <div class="configuration-method after">
                <img src="failed.png">
                </img>
                <span class="method-name">tearDown([TestResult name=clickSkipButtonTest status=SKIP method=DashBoardTest.clickSkipButtonTest()[pri:1, i...)</span>
                <span class="method-start">1876 ms</span>
              </div> <!-- configuration-method after -->
              <div class="configuration-method before">
                <img src="failed.png">
                </img>
                <span class="method-name">setUp(public void com.briskpe.tests.DashBoardTest.verifyUserCanNavigateToSideMenuItems(), IOS)</span>
                <span class="method-start">1912 ms</span>
              </div> <!-- configuration-method before -->
              <div class="test-method">
                <span class="method-name">verifyUserCanNavigateToSideMenuItems</span>
                <span class="method-start">1986 ms</span>
              </div> <!-- test-method -->
              <div class="configuration-method after">
                <img src="failed.png">
                </img>
                <span class="method-name">tearDownTestWithScreenshot([TestResult name=verifyUserCanNavigateToSideMenuItems status=SKIP method=DashBoardTest.verifyUserCan...)</span>
                <span class="method-start">2072 ms</span>
              </div> <!-- configuration-method after -->
              <div class="test-method">
                <span class="method-name">verifyUserCanNavigateToSideMenuItems</span>
                <span class="method-start">2081 ms</span>
              </div> <!-- test-method -->
              <div class="configuration-method after">
                <img src="failed.png">
                </img>
                <span class="method-name">tearDownTestWithScreenshot([TestResult name=verifyUserCanNavigateToSideMenuItems status=SKIP method=DashBoardTest.verifyUserCan...)</span>
                <span class="method-start">2097 ms</span>
              </div> <!-- configuration-method after -->
              <div class="configuration-method after">
                <img src="failed.png">
                </img>
                <span class="method-name">tearDown([TestResult name=verifyUserCanNavigateToSideMenuItems status=SKIP method=DashBoardTest.verifyUserCan...)</span>
                <span class="method-start">2125 ms</span>
              </div> <!-- configuration-method after -->
              <div class="configuration-method after">
                <img src="failed.png">
                </img>
                <span class="method-name">tearDown([TestResult name=verifyUserCanNavigateToSideMenuItems status=SKIP method=DashBoardTest.verifyUserCan...)</span>
                <span class="method-start">2141 ms</span>
              </div> <!-- configuration-method after -->
              <div class="test-method">
                <span class="method-name">verifyUserCanNavigateToSideMenuItems</span>
                <span class="method-start">2185 ms</span>
              </div> <!-- test-method -->
              <div class="configuration-method after">
                <img src="failed.png">
                </img>
                <span class="method-name">tearDownTestWithScreenshot([TestResult name=verifyUserCanNavigateToSideMenuItems status=SKIP method=DashBoardTest.verifyUserCan...)</span>
                <span class="method-start">2223 ms</span>
              </div> <!-- configuration-method after -->
              <div class="configuration-method after">
                <img src="failed.png">
                </img>
                <span class="method-name">tearDown([TestResult name=verifyUserCanNavigateToSideMenuItems status=SKIP method=DashBoardTest.verifyUserCan...)</span>
                <span class="method-start">2281 ms</span>
              </div> <!-- configuration-method after -->
            </div> <!-- chronological-class -->
            <div class="chronological-class">
              <div class="chronological-class-name">com.briskpe.tests.LoginTest</div> <!-- chronological-class-name -->
              <div class="configuration-suite after">
                <span class="method-name">flushLoginReport</span>
                <span class="method-start">2565 ms</span>
              </div> <!-- configuration-suite after -->
            </div> <!-- chronological-class -->
            <div class="chronological-class">
              <div class="chronological-class-name">com.briskpe.tests.DashBoardTest</div> <!-- chronological-class-name -->
              <div class="configuration-suite after">
                <span class="method-name">flushReport</span>
                <span class="method-start">2565 ms</span>
              </div> <!-- configuration-suite after -->
            </div> <!-- chronological-class -->
            <div class="chronological-class">
              <div class="chronological-class-name">com.briskpe.tests.LoginTest</div> <!-- chronological-class-name -->
              <div class="configuration-suite after">
                <span class="method-name">endReport</span>
                <span class="method-start">2565 ms</span>
              </div> <!-- configuration-suite after -->
          </div> <!-- main-panel-content rounded-window-bottom -->
        </div> <!-- panel -->
      </div> <!-- main-panel-root -->
    </div> <!-- wrapper -->
  </body>
<script type="text/javascript" src="testng-reports2.js"></script>
</html>
