<?xml version="1.0" encoding="UTF-8"?>
<!-- Generated by org.testng.reporters.JUnitXMLReporter -->
<testsuite ignored="0" hostname="vishalshukla" failures="0" tests="9" name="Android-Test" time="474.103" errors="0" timestamp="2025-08-08T14:14:12 IST">
  <testcase classname="com.briskpe.tests.BaseTest" name="@BeforeMethod setUp" time="60.827">
    <failure type="java.lang.AssertionError" message="❌ Login tab not displayed expected [true] but found [false]">
      <![CDATA[java.lang.AssertionError: ❌ Login tab not displayed expected [true] but found [false]
at com.briskpe.tests.BaseTest.loginAndSkipAppTour(BaseTest.java:142)
at com.briskpe.tests.BaseTest.setUp(BaseTest.java:127)
at java.base/java.util.ArrayList.forEach(ArrayList.java:1511)
... Removed 38 stack frames]]>
    </failure>
  </testcase> <!-- @BeforeMethod setUp -->
  <testcase classname="com.briskpe.tests.BaseTest" name="@BeforeMethod setUp" time="50.294">
    <failure type="java.lang.AssertionError" message="❌ Login tab not displayed expected [true] but found [false]">
      <![CDATA[java.lang.AssertionError: ❌ Login tab not displayed expected [true] but found [false]
at com.briskpe.tests.BaseTest.loginAndSkipAppTour(BaseTest.java:142)
at com.briskpe.tests.BaseTest.setUp(BaseTest.java:127)
at java.base/java.util.ArrayList.forEach(ArrayList.java:1511)
... Removed 38 stack frames]]>
    </failure>
  </testcase> <!-- @BeforeMethod setUp -->
  <testcase classname="com.briskpe.tests.BaseTest" name="@BeforeMethod setUp" time="50.547">
    <failure type="java.lang.AssertionError" message="❌ Login tab not displayed expected [true] but found [false]">
      <![CDATA[java.lang.AssertionError: ❌ Login tab not displayed expected [true] but found [false]
at com.briskpe.tests.BaseTest.loginAndSkipAppTour(BaseTest.java:142)
at com.briskpe.tests.BaseTest.setUp(BaseTest.java:127)
at java.base/java.util.ArrayList.forEach(ArrayList.java:1511)
... Removed 38 stack frames]]>
    </failure>
  </testcase> <!-- @BeforeMethod setUp -->
  <testcase classname="com.briskpe.tests.BaseTest" name="@BeforeMethod setUp" time="51.573">
    <failure type="java.lang.AssertionError" message="❌ Login tab not displayed expected [true] but found [false]">
      <![CDATA[java.lang.AssertionError: ❌ Login tab not displayed expected [true] but found [false]
at com.briskpe.tests.BaseTest.loginAndSkipAppTour(BaseTest.java:142)
at com.briskpe.tests.BaseTest.setUp(BaseTest.java:127)
at java.base/java.util.ArrayList.forEach(ArrayList.java:1511)
... Removed 38 stack frames]]>
    </failure>
  </testcase> <!-- @BeforeMethod setUp -->
  <testcase classname="com.briskpe.tests.BaseTest" name="@BeforeMethod setUp" time="50.175">
    <failure type="java.lang.AssertionError" message="❌ Login tab not displayed expected [true] but found [false]">
      <![CDATA[java.lang.AssertionError: ❌ Login tab not displayed expected [true] but found [false]
at com.briskpe.tests.BaseTest.loginAndSkipAppTour(BaseTest.java:142)
at com.briskpe.tests.BaseTest.setUp(BaseTest.java:127)
at java.base/java.util.ArrayList.forEach(ArrayList.java:1511)
... Removed 38 stack frames]]>
    </failure>
  </testcase> <!-- @BeforeMethod setUp -->
  <testcase classname="com.briskpe.tests.BaseTest" name="@BeforeMethod setUp" time="51.092">
    <failure type="java.lang.AssertionError" message="❌ Login tab not displayed expected [true] but found [false]">
      <![CDATA[java.lang.AssertionError: ❌ Login tab not displayed expected [true] but found [false]
at com.briskpe.tests.BaseTest.loginAndSkipAppTour(BaseTest.java:142)
at com.briskpe.tests.BaseTest.setUp(BaseTest.java:127)
at java.base/java.util.ArrayList.forEach(ArrayList.java:1511)
... Removed 38 stack frames]]>
    </failure>
  </testcase> <!-- @BeforeMethod setUp -->
  <testcase classname="com.briskpe.tests.BaseTest" name="@BeforeMethod setUp" time="51.568">
    <failure type="java.lang.AssertionError" message="❌ Login tab not displayed expected [true] but found [false]">
      <![CDATA[java.lang.AssertionError: ❌ Login tab not displayed expected [true] but found [false]
at com.briskpe.tests.BaseTest.loginAndSkipAppTour(BaseTest.java:142)
at com.briskpe.tests.BaseTest.setUp(BaseTest.java:127)
at java.base/java.util.ArrayList.forEach(ArrayList.java:1511)
... Removed 38 stack frames]]>
    </failure>
  </testcase> <!-- @BeforeMethod setUp -->
  <testcase classname="com.briskpe.tests.BaseTest" name="@BeforeMethod setUp" time="39.895">
    <failure type="java.lang.AssertionError" message="❌ Login tab not displayed expected [true] but found [false]">
      <![CDATA[java.lang.AssertionError: ❌ Login tab not displayed expected [true] but found [false]
at com.briskpe.tests.BaseTest.loginAndSkipAppTour(BaseTest.java:142)
at com.briskpe.tests.BaseTest.setUp(BaseTest.java:127)
at java.base/java.util.ArrayList.forEach(ArrayList.java:1511)
... Removed 38 stack frames]]>
    </failure>
  </testcase> <!-- @BeforeMethod setUp -->
  <testcase classname="com.briskpe.tests.BaseTest" name="@BeforeMethod setUp" time="44.977">
    <failure type="java.lang.AssertionError" message="❌ Login tab not displayed expected [true] but found [false]">
      <![CDATA[java.lang.AssertionError: ❌ Login tab not displayed expected [true] but found [false]
at com.briskpe.tests.BaseTest.loginAndSkipAppTour(BaseTest.java:142)
at com.briskpe.tests.BaseTest.setUp(BaseTest.java:127)
at java.base/java.util.ArrayList.forEach(ArrayList.java:1511)
... Removed 38 stack frames]]>
    </failure>
  </testcase> <!-- @BeforeMethod setUp -->
  <testcase classname="com.briskpe.tests.DashBoardTest" name="testDashboardElements" time="0.0">
    <skipped/>
  </testcase> <!-- testDashboardElements -->
  <testcase classname="com.briskpe.tests.DashBoardTest" name="verifyUserCanNavigateToSideMenuItems" time="0.0">
    <skipped/>
  </testcase> <!-- verifyUserCanNavigateToSideMenuItems -->
  <testcase classname="com.briskpe.tests.DashBoardTest" name="verifyNavigationToShareVirtualAccountDetailsThroughQuickActions" time="0.001">
    <skipped/>
  </testcase> <!-- verifyNavigationToShareVirtualAccountDetailsThroughQuickActions -->
  <testcase classname="com.briskpe.tests.DashBoardTest" name="verifyNavigationToCreatePaymentRequestsThroughQuickActions" time="0.0">
    <skipped/>
  </testcase> <!-- verifyNavigationToCreatePaymentRequestsThroughQuickActions -->
  <testcase classname="com.briskpe.tests.DashBoardTest" name="verifyNavigationToCreatePaymentLinkThroughQuickActions" time="0.0">
    <skipped/>
  </testcase> <!-- verifyNavigationToCreatePaymentLinkThroughQuickActions -->
  <testcase classname="com.briskpe.tests.DashBoardTest" name="verifyNavigationToAddPayerThroughQuickActions" time="0.0">
    <skipped/>
  </testcase> <!-- verifyNavigationToAddPayerThroughQuickActions -->
  <testcase classname="com.briskpe.tests.DashBoardTest" name="verifyNavigationToCreateInvoiceThroughQuickActions" time="0.0">
    <skipped/>
  </testcase> <!-- verifyNavigationToCreateInvoiceThroughQuickActions -->
  <testcase classname="com.briskpe.tests.DashBoardTest" name="verifyNavigationToDownloadStatementThroughQuickActions" time="0.0">
    <skipped/>
  </testcase> <!-- verifyNavigationToDownloadStatementThroughQuickActions -->
  <testcase classname="com.briskpe.tests.DashBoardTest" name="verifyNavigateToNotificationCenterPageAfterClickingOnNotificationIcon" time="0.0">
    <skipped/>
  </testcase> <!-- verifyNavigateToNotificationCenterPageAfterClickingOnNotificationIcon -->
</testsuite> <!-- Android-Test -->
